This is pdfTeX, Version 3.141592653-2.6-1.40.27 (MiKTeX 25.4) (preloaded format=pdflatex 2025.7.3)  2 SEP 2025 16:17
entering extended mode
 restricted \write18 enabled.
 %&-line parsing enabled.
**./main.tex
(main.tex
LaTeX2e <2025-06-01> patch level 1
L3 programming layer <2025-06-09>
(WileyNJDv5.cls

LaTeX Warning: You have requested document class `WileyNJDv5',
               but the document class provides `WileyNJD-v5'.

Document Class: WileyNJD-v5 2022/04/05 v5.0 Standard LaTeX document class for J
ournal
\job@temptoken=\toks17
(D:\tex_stuff\tex/latex/base\article.cls
Document Class: article 2025/01/22 v1.4n Standard LaTeX document class
(D:\tex_stuff\tex/latex/base\fleqn.clo
File: fleqn.clo 2016/12/29 v1.2b Standard LaTeX option (flush left equations)
\mathindent=\skip49
Applying: [2015/01/01] Make \[ robust on input line 50.
LaTeX Info: Redefining \[ on input line 51.
Already applied: [0000/00/00] Make \[ robust on input line 62.
Applying: [2015/01/01] Make \] robust on input line 74.
LaTeX Info: Redefining \] on input line 75.
Already applied: [0000/00/00] Make \] robust on input line 83.
) (D:\tex_stuff\tex/latex/base\size10.clo
File: size10.clo 2025/01/22 v1.4n Standard LaTeX file (size option)
)
\c@part=\count275
\c@section=\count276
\c@subsection=\count277
\c@subsubsection=\count278
\c@paragraph=\count279
\c@subparagraph=\count280
\c@figure=\count281
\c@table=\count282
\abovecaptionskip=\skip50
\belowcaptionskip=\skip51
\bibindent=\dimen148
) (D:\tex_stuff\tex/latex/etex-pkg\etex.sty
Package: etex 2016/08/01 v2.7 eTeX basic definition package (PEB,DPC)


Package etex Warning: Extended allocation already in use.
(etex)                etex.sty code will not be used.
(etex)                To force etex package to load, add
(etex)                \RequirePackage{etex}
(etex)                at the start of the document.

) (D:\tex_stuff\tex/latex/graphics\graphicx.sty
Package: graphicx 2024/12/31 v1.2e Enhanced LaTeX Graphics (DPC,SPQR)

(D:\tex_stuff\tex/latex/graphics\keyval.sty
Package: keyval 2022/05/29 v1.15 key=value parser (DPC)
\KV@toks@=\toks18
)
(D:\tex_stuff\tex/latex/graphics\graphics.sty
Package: graphics 2024/08/06 v1.4g Standard LaTeX Graphics (DPC,SPQR)

(D:\tex_stuff\tex/latex/graphics\trig.sty
Package: trig 2023/12/02 v1.11 sin cos tan (DPC)
)
(D:\tex_stuff\tex/latex/graphics-cfg\graphics.cfg
File: graphics.cfg 2016/06/04 v1.11 sample graphics configuration
)
Package graphics Info: Driver file: pdftex.def on input line 106.

(D:\tex_stuff\tex/latex/graphics-def\pdftex.def
File: pdftex.def 2024/04/13 v1.2c Graphics/color driver for pdftex
))
\Gin@req@height=\dimen149
\Gin@req@width=\dimen150
)
(D:\tex_stuff\tex/latex/tools\multicol.sty
Package: multicol 2025/05/25 v2.0a multicolumn formatting (FMi)
\c@tracingmulticols=\count283
\mult@box=\box53
\multicol@leftmargin=\dimen151
\c@unbalance=\count284
\c@collectmore=\count285
\doublecol@number=\count286
\multicoltolerance=\count287
\multicolpretolerance=\count288
\full@width=\dimen152
\page@free=\dimen153
\premulticols=\dimen154
\postmulticols=\dimen155
\multicolsep=\skip52
\multicolbaselineskip=\skip53
\partial@page=\box54
\last@line=\box55
\mc@boxedresult=\box56
\maxbalancingoverflow=\dimen156
\mult@rightbox=\box57
\mult@grightbox=\box58
\mult@firstbox=\box59
\mult@gfirstbox=\box60
\@tempa=\box61
\@tempa=\box62
\@tempa=\box63
\@tempa=\box64
\@tempa=\box65
\@tempa=\box66
\@tempa=\box67
\@tempa=\box68
\@tempa=\box69
\@tempa=\box70
\@tempa=\box71
\@tempa=\box72
\@tempa=\box73
\@tempa=\box74
\@tempa=\box75
\@tempa=\box76
\@tempa=\box77
\@tempa=\box78
\@tempa=\box79
\@tempa=\box80
\@tempa=\box81
\@tempa=\box82
\@tempa=\box83
\@tempa=\box84
\@tempa=\box85
\@tempa=\box86
\@tempa=\box87
\@tempa=\box88
\@tempa=\box89
\@tempa=\box90
\@tempa=\box91
\@tempa=\box92
\@tempa=\box93
\@tempa=\box94
\@tempa=\box95
\@tempa=\box96
\c@minrows=\count289
\c@columnbadness=\count290
\c@finalcolumnbadness=\count291
\last@try=\dimen157
\multicolovershoot=\dimen158
\multicolundershoot=\dimen159
\mult@nat@firstbox=\box97
\colbreak@box=\box98
\mc@col@check@num=\count292
\g__mc_curr_col_int=\count293
)
(D:\tex_stuff\tex/latex/multirow\multirow.sty
Package: multirow 2024/11/12 v2.9 Span multiple rows of a table
\multirow@colwidth=\skip54
\multirow@cntb=\count294
\multirow@dima=\skip55
\bigstrutjot=\dimen160
)
(D:\tex_stuff\tex/latex/sttools\cuted.sty
Package: cuted 2025/06/18 v2.5 Mixing onecolumn and twocolumn modes (ST)
\At@ViperColsBreak=\toks19
\preCutedStrip=\toks20
\postCutedStrip=\toks21
\cuted@@tempbox@a=\box99
\cuted@@tempbox@c=\box100
\cuted@@tempbox@var=\box101
\hold@viper=\box102
\@viper=\box103
\cuted@@varbox@a=\box104
\cuted@@varbox@c=\box105
\cuted@@tempdim@spread=\dimen161
\cuted@@tempdim@a=\dimen162
\cuted@@tempdim@b=\dimen163
\ht@hold@viper=\dimen164
\ht@viper=\dimen165
\var@@pagediscards@ht=\dimen166
\stripsep=\skip56
\viper@penalty=\count295
\strip@page@discards=\dimen167
)
(D:\tex_stuff\tex/generic/iftex\ifpdf.sty
Package: ifpdf 2019/10/25 v3.4 ifpdf legacy package. Use iftex instead.

(D:\tex_stuff\tex/generic/iftex\iftex.sty
Package: iftex 2024/12/12 v1.0g TeX engine tests
)) (D:\tex_stuff\tex/latex/url\url.sty
\Urlmuskip=\muskip17
Package: url 2013/09/16  ver 3.4  Verb mode for urls, etc.
) (D:\tex_stuff\tex/latex/changepage\changepage.sty
Package: changepage 2009/10/20 v1.0c check page and change page layout
\c@cp@cntr=\count296
\cp@tempcnt=\count297
)
(D:\tex_stuff\tex/latex/tools\calc.sty
Package: calc 2025/03/01 v4.3b Infix arithmetic (KKT,FJ)
\calc@Acount=\count298
\calc@Bcount=\count299
\calc@Adimen=\dimen168
\calc@Bdimen=\dimen169
\calc@Askip=\skip57
\calc@Bskip=\skip58
LaTeX Info: Redefining \setlength on input line 86.
LaTeX Info: Redefining \addtolength on input line 87.
\calc@Ccount=\count300
\calc@Cskip=\skip59
)
(D:\tex_stuff\tex/latex/xcolor\xcolor.sty
Package: xcolor 2024/09/29 v3.02 LaTeX color extensions (UK)

(D:\tex_stuff\tex/latex/graphics-cfg\color.cfg
File: color.cfg 2016/01/02 v1.6 sample color configuration
)
Package xcolor Info: Driver file: pdftex.def on input line 274.

(D:\tex_stuff\tex/latex/graphics\mathcolor.ltx)
Package xcolor Info: Model `cmy' substituted by `cmy0' on input line 1349.
Package xcolor Info: Model `hsb' substituted by `rgb' on input line 1353.
Package xcolor Info: Model `RGB' extended on input line 1365.
Package xcolor Info: Model `HTML' substituted by `rgb' on input line 1367.
Package xcolor Info: Model `Hsb' substituted by `hsb' on input line 1368.
Package xcolor Info: Model `tHsb' substituted by `hsb' on input line 1369.
Package xcolor Info: Model `HSB' substituted by `hsb' on input line 1370.
Package xcolor Info: Model `Gray' substituted by `gray' on input line 1371.
Package xcolor Info: Model `wave' substituted by `hsb' on input line 1372.
)
(D:\tex_stuff\tex/latex/float\float.sty
Package: float 2001/11/08 v1.3d Float enhancements (AL)
\c@float@type=\count301
\float@exts=\toks22
\float@box=\box106
\@float@everytoks=\toks23
\@floatcapt=\box107
)
(D:\tex_stuff\tex/latex/sttools\floatpag.sty
Package: floatpag 2021/10/04 v2.0 Different pagestyles on float pages
)
(D:\tex_stuff\tex/latex/dblfloatfix\dblfloatfix.sty
Package: dblfloatfix 2012/12/31 v1.0a (JAW)

(D:\tex_stuff\tex/latex/base\fixltx2e.sty
Package: fixltx2e 2016/12/29 v2.1a fixes to LaTeX (obsolete)
Applying: [2015/01/01] Old fixltx2e package on input line 46.


Package fixltx2e Warning: fixltx2e is not required with releases after 2015
(fixltx2e)                All fixes are now in the LaTeX kernel.
(fixltx2e)                See the latexrelease package for details.

Already applied: [0000/00/00] Old fixltx2e package on input line 53.
)
\@dblbotnum=\count302
\c@dblbotnumber=\count303
) (D:\tex_stuff\tex/latex/graphics\rotating.sty
Package: rotating 2025/01/14 v2.16e rotated objects in LaTeX

(D:\tex_stuff\tex/latex/base\ifthen.sty
Package: ifthen 2024/03/16 v1.1e Standard LaTeX ifthen package (DPC)
)
\c@r@tfl@t=\count304
\rotFPtop=\skip60
\rotFPbot=\skip61
\rot@float@box=\box108
\rot@mess@toks=\toks24
) (D:\tex_stuff\tex/latex/ulem\ulem.sty
\UL@box=\box109
\UL@hyphenbox=\box110
\UL@skip=\skip62
\UL@hook=\toks25
\UL@height=\dimen170
\UL@pe=\count305
\UL@pixel=\dimen171
\ULC@box=\box111
Package: ulem 2019/11/18
\ULdepth=\dimen172
) (D:\tex_stuff\tex/latex/tools\enumerate.sty
Package: enumerate 2023/07/04 v3.00 enumerate extensions (DPC)
\@enLab=\toks26
)
(D:\tex_stuff\tex/generic/soul\soul.sty
Package: soul 2023-06-14 v3.1 Permit use of UTF-8 characters in soul (HO)

(D:\tex_stuff\tex/generic/soul\soul-ori.sty
Package: soul-ori 2023-06-14 v3.1 letterspacing/underlining (mf)
\SOUL@word=\toks27
\SOUL@lasttoken=\toks28
\SOUL@syllable=\toks29
\SOUL@cmds=\toks30
\SOUL@buffer=\toks31
\SOUL@token=\toks32
\SOUL@syllgoal=\dimen173
\SOUL@syllwidth=\dimen174
\SOUL@charkern=\dimen175
\SOUL@hyphkern=\dimen176
\SOUL@dimen=\dimen177
\SOUL@dimeni=\dimen178
\SOUL@minus=\count306
\SOUL@comma=\count307
\SOUL@apo=\count308
\SOUL@grave=\count309
\SOUL@spaceskip=\skip63
\SOUL@ttwidth=\dimen179
\SOUL@uldp=\dimen180
\SOUL@ulht=\dimen181
)
(D:\tex_stuff\tex/generic/infwarerr\infwarerr.sty
Package: infwarerr 2019/12/03 v1.5 Providing info/warning/error messages (HO)
)
(D:\tex_stuff\tex/generic/etexcmds\etexcmds.sty
Package: etexcmds 2019/12/15 v1.7 Avoid name clashes with e-TeX commands (HO)
))
(D:\tex_stuff\tex/latex/caption\caption.sty
Package: caption 2023/08/05 v3.6o Customizing captions (AR)

(D:\tex_stuff\tex/latex/caption\caption3.sty
Package: caption3 2023/07/31 v2.4d caption3 kernel (AR)
\caption@tempdima=\dimen182
\captionmargin=\dimen183
\caption@leftmargin=\dimen184
\caption@rightmargin=\dimen185
\caption@width=\dimen186
\caption@indent=\dimen187
\caption@parindent=\dimen188
\caption@hangindent=\dimen189
Package caption Info: Standard document class detected.
)
\c@caption@flags=\count310
\c@continuedfloat=\count311
Package caption Info: changepage package is loaded.
\caption@adjustwidth@hsize=\dimen190
\caption@adjustwidth@linewidth=\dimen191
Package caption Info: float package is loaded.
Package caption Info: rotating package is loaded.
) (lettersp.sty
\naturalwidth=\dimen192
\naturaldepth=\dimen193
\naturalheight=\dimen194
\l@tterspacebox=\box112
\l@tterspacetoks=\toks33
)
(D:\tex_stuff\tex/generic/babel\babel.sty
Package: babel 2025/05/14 v25.9 The multilingual framework for pdfLaTeX, LuaLaT
eX and XeLaTeX
\babel@savecnt=\count312
LaTeX Encoding Info:    Redeclaring text command \ij (encoding OT1) on input li
ne 2043.
LaTeX Encoding Info:    Redeclaring text command \IJ (encoding OT1) on input li
ne 2045.
LaTeX Encoding Info:    Redeclaring text command \ij (encoding T1) on input lin
e 2047.
LaTeX Encoding Info:    Redeclaring text command \IJ (encoding T1) on input lin
e 2048.
LaTeX Encoding Info:    Ignoring declaration for text command \ij (encoding ?) 
on input line 2049.
LaTeX Encoding Info:    Ignoring declaration for text command \IJ (encoding ?) 
on input line 2051.
LaTeX Encoding Info:    Ignoring declaration for text command \SS (encoding ?) 
on input line 2076.
\U@D=\dimen195
\l@unhyphenated=\language79

(D:\tex_stuff\tex/generic/babel\txtbabel.def)
\bbl@readstream=\read2
\bbl@dirlevel=\count313

*************************************
* Local config file bblopts.cfg used
*
(D:\tex_stuff\tex/latex/arabi\bblopts.cfg
File: bblopts.cfg 2005/09/08 v0.1 add Arabic and Farsi to "declared" options of
 babel
)
(D:\tex_stuff\tex/latex/babel-english\english.ldf
Language: english 2017/06/06 v3.3r English support from the babel system

(D:\tex_stuff\tex/generic/babel/locale/en\babel-english.tex
Package babel Info: Importing font and identification data for english
(babel)             from babel-en.ini. Reported on input line 11.
)
Package babel Info: Hyphen rules for 'canadian' set to \l@english
(babel)             (\language0). Reported on input line 102.
Package babel Info: Hyphen rules for 'australian' set to \l@ukenglish
(babel)             (\language73). Reported on input line 105.
Package babel Info: Hyphen rules for 'newzealand' set to \l@ukenglish
(babel)             (\language73). Reported on input line 108.
))
(D:\tex_stuff\tex/latex/hyperref\hyperref.sty
Package: hyperref 2025-06-21 v7.01n Hypertext links for LaTeX

(D:\tex_stuff\tex/latex/kvsetkeys\kvsetkeys.sty
Package: kvsetkeys 2022-10-05 v1.19 Key value parser (HO)
)
(D:\tex_stuff\tex/generic/kvdefinekeys\kvdefinekeys.sty
Package: kvdefinekeys 2019-12-19 v1.6 Define keys (HO)
)
(D:\tex_stuff\tex/generic/pdfescape\pdfescape.sty
Package: pdfescape 2019/12/09 v1.15 Implements pdfTeX's escape features (HO)

(D:\tex_stuff\tex/generic/ltxcmds\ltxcmds.sty
Package: ltxcmds 2023-12-04 v1.26 LaTeX kernel commands for general use (HO)
)
(D:\tex_stuff\tex/generic/pdftexcmds\pdftexcmds.sty
Package: pdftexcmds 2020-06-27 v0.33 Utility functions of pdfTeX for LuaTeX (HO
)
Package pdftexcmds Info: \pdf@primitive is available.
Package pdftexcmds Info: \pdf@ifprimitive is available.
Package pdftexcmds Info: \pdfdraftmode found.
))
(D:\tex_stuff\tex/latex/hycolor\hycolor.sty
Package: hycolor 2020-01-27 v1.10 Color options for hyperref/bookmark (HO)
)
(D:\tex_stuff\tex/latex/hyperref\nameref.sty
Package: nameref 2025-06-21 v2.57 Cross-referencing by name of section

(D:\tex_stuff\tex/latex/refcount\refcount.sty
Package: refcount 2019/12/15 v3.6 Data extraction from label references (HO)
)
(D:\tex_stuff\tex/generic/gettitlestring\gettitlestring.sty
Package: gettitlestring 2019/12/15 v1.6 Cleanup title references (HO)

(D:\tex_stuff\tex/latex/kvoptions\kvoptions.sty
Package: kvoptions 2022-06-15 v3.15 Key value format for package options (HO)
))
\c@section@level=\count314
)
(D:\tex_stuff\tex/latex/etoolbox\etoolbox.sty
Package: etoolbox 2025/02/11 v2.5l e-TeX tools for LaTeX (JAW)
\etb@tempcnta=\count315
)
(D:\tex_stuff\tex/generic/stringenc\stringenc.sty
Package: stringenc 2019/11/29 v1.12 Convert strings between diff. encodings (HO
)
)
\@linkdim=\dimen196
\Hy@linkcounter=\count316
\Hy@pagecounter=\count317

(D:\tex_stuff\tex/latex/hyperref\pd1enc.def
File: pd1enc.def 2025-06-21 v7.01n Hyperref: PDFDocEncoding definition (HO)
Now handling font encoding PD1 ...
... no UTF-8 mapping file for font encoding PD1
)
(D:\tex_stuff\tex/generic/intcalc\intcalc.sty
Package: intcalc 2019/12/15 v1.3 Expandable calculations with integers (HO)
)
\Hy@SavedSpaceFactor=\count318

(D:\tex_stuff\tex/latex/hyperref\puenc.def
File: puenc.def 2025-06-21 v7.01n Hyperref: PDF Unicode definition (HO)
Now handling font encoding PU ...
... no UTF-8 mapping file for font encoding PU
)
Package hyperref Info: Hyper figures OFF on input line 4181.
Package hyperref Info: Link nesting OFF on input line 4186.
Package hyperref Info: Hyper index ON on input line 4189.
Package hyperref Info: Plain pages OFF on input line 4196.
Package hyperref Info: Backreferencing OFF on input line 4201.
Package hyperref Info: Implicit mode ON; LaTeX internals redefined.
Package hyperref Info: Bookmarks ON on input line 4448.
\c@Hy@tempcnt=\count319
LaTeX Info: Redefining \url on input line 4787.
\XeTeXLinkMargin=\dimen197

(D:\tex_stuff\tex/generic/bitset\bitset.sty
Package: bitset 2019/12/09 v1.3 Handle bit-vector datatype (HO)

(D:\tex_stuff\tex/generic/bigintcalc\bigintcalc.sty
Package: bigintcalc 2019/12/15 v1.5 Expandable calculations on big integers (HO
)
))
\Fld@menulength=\count320
\Field@Width=\dimen198
\Fld@charsize=\dimen199
Package hyperref Info: Hyper figures OFF on input line 6066.
Package hyperref Info: Link nesting OFF on input line 6071.
Package hyperref Info: Hyper index ON on input line 6074.
Package hyperref Info: backreferencing OFF on input line 6081.
Package hyperref Info: Link coloring OFF on input line 6086.
Package hyperref Info: Link coloring with OCG OFF on input line 6091.
Package hyperref Info: PDF/A mode OFF on input line 6096.
\Hy@abspage=\count321
\c@Item=\count322
\c@Hfootnote=\count323
)
Package hyperref Info: Driver (autodetected): hpdftex.

(D:\tex_stuff\tex/latex/hyperref\hpdftex.def
File: hpdftex.def 2025-06-21 v7.01n Hyperref driver for pdfTeX
\Fld@listcount=\count324
\c@bookmark@seq@number=\count325

(D:\tex_stuff\tex/latex/rerunfilecheck\rerunfilecheck.sty
Package: rerunfilecheck 2025-06-21 v1.11 Rerun checks for auxiliary files (HO)

(D:\tex_stuff\tex/generic/uniquecounter\uniquecounter.sty
Package: uniquecounter 2019/12/15 v1.4 Provide unlimited unique counter (HO)
)
Package uniquecounter Info: New unique counter `rerunfilecheck' on input line 2
84.
)
\Hy@SectionHShift=\skip64
)
Package hyperref Info: Option `bookmarksopen' set `true' on input line 388.

(D:\tex_stuff\tex/latex/bookmark\bookmark.sty
Package: bookmark 2023-12-10 v1.31 PDF bookmarks (HO)

(D:\tex_stuff\tex/latex/bookmark\bkm-pdftex.def
File: bkm-pdftex.def 2023-12-10 v1.31 bookmark driver for pdfTeX and luaTeX (HO
)
\BKM@id=\count326
))
(D:\tex_stuff\tex/latex/oberdiek\twoopt.sty
Package: twoopt 2016/05/16 v1.6 Definitions with two optional arguments (HO)
)
(D:\tex_stuff\tex/latex/footmisc\footmisc.sty
Package: footmisc 2025/05/09 v7.0b a miscellany of footnote facilities
\FN@temptoken=\toks34
\footnotemargin=\dimen256
Package footmisc Info: Declaring symbol style bringhurst on input line 549.
Package footmisc Info: Declaring symbol style chicago on input line 557.
Package footmisc Info: Declaring symbol style wiley on input line 566.
Package footmisc Info: Declaring symbol style lamport-robust on input line 577.

Package footmisc Info: Declaring symbol style lamport* on input line 597.
Package footmisc Info: Declaring symbol style lamport*-robust on input line 618
.
)
(D:\tex_stuff\tex/latex/tools\tabularx.sty
Package: tabularx 2023/12/11 v2.12a `tabularx' package (DPC)

(D:\tex_stuff\tex/latex/tools\array.sty
Package: array 2025/06/08 v2.6j Tabular extension package (FMi)
\col@sep=\dimen257
\ar@mcellbox=\box113
\extrarowheight=\dimen258
\NC@list=\toks35
\extratabsurround=\skip65
\backup@length=\skip66
\ar@cellbox=\box114
)
\TX@col@width=\dimen259
\TX@old@table=\dimen260
\TX@old@col=\dimen261
\TX@target=\dimen262
\TX@delta=\dimen263
\TX@cols=\count327
\TX@ftn=\toks36
)
\tfboxrule=\dimen264
\bfboxrule=\dimen265
\BXRuleThickness=\dimen266
\BXleftrightskipdimen=\dimen267
\BXhsize=\dimen268
\FreePageSpace=\dimen269
\ovsize=\dimen270
\adjustskip=\skip67
\BXbox=\box115
\xxptspaceamount=\skip68
\BXboxoutbnewskip=\skip69
\BXdim=\dimen271

(D:\tex_stuff\tex/latex/varwidth\varwidth.sty
Package: varwidth 2009/03/30 ver 0.92;  Variable-width minipages
\@vwid@box=\box116
\sift@deathcycles=\count328
\@vwid@loff=\dimen272
\@vwid@roff=\dimen273
)
==> First Aid for varwidth.sty applied!
(D:\tex_stuff\tex/latex/tools\dcolumn.sty
Package: dcolumn 2023/07/08 v1.06 decimal alignment package (DPC)
)
(D:\tex_stuff\tex/latex/base\fontenc.sty
Package: fontenc 2024/12/21 v2.1c Standard LaTeX package
)
(D:\tex_stuff\tex/latex/psnfss\times.sty
Package: times 2020/03/25 PSNFSS-v9.3 (SPQR) 
)
(D:\tex_stuff\tex/latex/mathastext\mathastext.sty
Package: mathastext 2024/10/26 v1.4e Use the text font in math mode (JFB)

Package mathastext Info: Starting the math mode configuration.
\mst@exists@muskip=\muskip18
\mst@forall@muskip=\muskip19
\mst@prime@muskip=\muskip20
\mst@do@nonletters=\toks37
\mst@undo@nonletters=\toks38
\mst@do@easynonletters=\toks39
\mst@undo@easynonletters=\toks40
\symmtoperatorfont=\mathgroup4
\symmtletterfont=\mathgroup5
(   mathastext:   ) ! and ?
(   mathastext:   ) punctuation: , . : ; and \colon
LaTeX Info: Redefining \relbar on input line 1197.
LaTeX Info: Redefining \rightarrowfill on input line 1198.
LaTeX Info: Redefining \leftarrowfill on input line 1201.
(   mathastext:   ) + and =
LaTeX Info: Redefining \Relbar on input line 1344.
(   mathastext:   ) adding = ; and + to \nfss@catcodes
(   mathastext:   ) parentheses ( ) [ ] and slash /
(   mathastext:   ) alldelims: < > \backslash \setminus | \vert \mid \{ \}
LaTeX Font Info:    Redeclaring math symbol \setminus on input line 1410.
LaTeX Info: Redefining \models on input line 1429.
(   mathastext:   ) \# \mathdollar \% \& 
(   mathastext:   ) \imath and \jmath 
LaTeX Font Info:    Overwriting math alphabet `\Mathnormalbold' in version `nor
mal'
(Font)                  T1/ptm/b/it --> T1/ptm/b/it on input line 2934.
LaTeX Font Info:    Overwriting math alphabet `\Mathnormalbold' in version `bol
d'
(Font)                  T1/ptm/b/it --> T1/ptm/b/it on input line 2934.
LaTeX Font Info:    Overwriting symbol font `mtletterfont' in version `normal'
(Font)                  T1/ptm/m/it --> T1/ptm/m/it on input line 2934.
LaTeX Font Info:    Overwriting symbol font `mtletterfont' in version `bold'
(Font)                  T1/ptm/m/it --> T1/ptm/b/it on input line 2934.
LaTeX Font Info:    Overwriting symbol font `mtoperatorfont' in version `normal
'
(Font)                  T1/ptm/m/n --> T1/ptm/m/n on input line 2934.
LaTeX Font Info:    Overwriting symbol font `mtoperatorfont' in version `bold'
(Font)                  T1/ptm/m/n --> T1/ptm/b/n on input line 2934.
LaTeX Font Info:    Overwriting math alphabet `\Mathbf' in version `normal'
(Font)                  T1/ptm/b/n --> T1/ptm/b/n on input line 2934.
LaTeX Font Info:    Overwriting math alphabet `\Mathbf' in version `bold'
(Font)                  T1/ptm/b/n --> T1/ptm/b/n on input line 2934.
LaTeX Font Info:    Overwriting math alphabet `\Mathit' in version `normal'
(Font)                  T1/ptm/m/it --> T1/ptm/m/it on input line 2934.
LaTeX Font Info:    Overwriting math alphabet `\Mathit' in version `bold'
(Font)                  T1/ptm/m/it --> T1/ptm/b/it on input line 2934.
LaTeX Font Info:    Overwriting math alphabet `\Mathsf' in version `normal'
(Font)                  T1/phv/m/n --> T1/phv/m/n on input line 2934.
LaTeX Font Info:    Overwriting math alphabet `\Mathsf' in version `bold'
(Font)                  T1/phv/m/n --> T1/phv/b/n on input line 2934.
LaTeX Font Info:    Overwriting math alphabet `\Mathtt' in version `normal'
(Font)                  T1/pcr/m/n --> T1/pcr/m/n on input line 2934.
LaTeX Font Info:    Overwriting math alphabet `\Mathtt' in version `bold'
(Font)                  T1/pcr/m/n --> T1/pcr/b/n on input line 2934.
(   mathastext:   ) Latin letters in the `normal', resp. `bold',
(   mathastext:   ) math versions are now set up to use the fonts
(   mathastext:   ) T1/ptm/m/it, resp. T1/ptm/b/it.
(   mathastext:   ) Other characters (digits, ...) and \log-like names will be
(   mathastext:   ) typeset with the n shape.
(   mathastext:   ) \hbar
(   mathastext:   ) minus either as endash, Unicode minus, emdash or hyphen
(   mathastext:   ) The italic option is in effect.

Package mathastext Info: Loading is complete.  You can now use \Mathastext to
(mathastext)             modify the normal and bold math versions.  Use it
(mathastext)             with optional argument or use \MTDeclareVersion to
(mathastext)             declare additional math versions.
)
(D:\tex_stuff\tex/latex/microtype\microtype.sty
Package: microtype 2025/02/11 v3.2a Micro-typographical refinements (RS)
\MT@toks=\toks41
\MT@tempbox=\box117
\MT@count=\count329
LaTeX Info: Redefining \noprotrusionifhmode on input line 1087.
LaTeX Info: Redefining \leftprotrusion on input line 1088.
\MT@prot@toks=\toks42
LaTeX Info: Redefining \rightprotrusion on input line 1107.
LaTeX Info: Redefining \textls on input line 1449.
\MT@outer@kern=\dimen274
LaTeX Info: Redefining \microtypecontext on input line 2053.
LaTeX Info: Redefining \textmicrotypecontext on input line 2070.
\MT@listname@count=\count330

(D:\tex_stuff\tex/latex/microtype\microtype-pdftex.def
File: microtype-pdftex.def 2025/02/11 v3.2a Definitions specific to pdftex (RS)

LaTeX Info: Redefining \lsstyle on input line 944.
LaTeX Info: Redefining \lslig on input line 944.
\MT@outer@space=\skip70
)
Package microtype Info: Loading configuration file microtype.cfg.

(D:\tex_stuff\tex/latex/microtype\microtype.cfg
File: microtype.cfg 2025/02/11 v3.2a microtype main configuration file (RS)
)
LaTeX Info: Redefining \microtypesetup on input line 3065.
)
\trimwidth=\skip71
\trimheight=\skip72
\typewidth=\skip73
\typeheight=\skip74
\normaltextheight=\skip75
\blindfoliodrop=\skip76
\figheight=\skip77
\figwidth=\skip78
\tabledim=\skip79
\columnhsizevalue=\dimen275
\abs@coli@hsize=\skip80
\abs@colii@hsize=\skip81

(D:\tex_stuff\tex/latex/geometry\geometry.sty
Package: geometry 2020/01/02 v5.9 Page Geometry

(D:\tex_stuff\tex/generic/iftex\ifvtex.sty
Package: ifvtex 2019/10/25 v1.7 ifvtex legacy package. Use iftex instead.
)
\Gm@cnth=\count331
\Gm@cntv=\count332
\c@Gm@tempcnt=\count333
\Gm@bindingoffset=\dimen276
\Gm@wd@mp=\dimen277
\Gm@odd@mp=\dimen278
\Gm@even@mp=\dimen279
\Gm@layoutwidth=\dimen280
\Gm@layoutheight=\dimen281
\Gm@layouthoffset=\dimen282
\Gm@layoutvoffset=\dimen283
\Gm@dimlist=\toks43

(D:\tex_stuff\tex/latex/geometry\geometry.cfg))
\parindentvalue=\dimen284
\pageheight=\dimen285
\rulecount=\count334
\leftcolrulepos=\dimen286
\rightcolrulepos=\dimen287

(D:\tex_stuff\tex/latex/eso-pic\showframe.sty
Package: showframe 2020/10/14 v0.1j showframe (new impl., RN)

(D:\tex_stuff\tex/latex/eso-pic\eso-pic.sty
Package: eso-pic 2023/05/03 v3.0c eso-pic (RN)
\ESO@tempdima=\dimen288
\ESO@tempdimb=\dimen289
)
\SF@tempdima=\dimen290
)
\artopleftskipdim=\dimen291
\@xmlpage=\write3
\c@spagecounter=\count335
\c@lpagecounter=\count336
LaTeX Info: Redefining \rm on input line 3726.
LaTeX Info: Redefining \sf on input line 3727.
LaTeX Info: Redefining \tt on input line 3728.
LaTeX Info: Redefining \bf on input line 3729.
LaTeX Info: Redefining \it on input line 3730.
LaTeX Info: Redefining \em on input line 3731.
LaTeX Info: Redefining \sl on input line 3732.
LaTeX Info: Redefining \sc on input line 3733.
LaTeX Info: Redefining \cal on input line 3734.
LaTeX Info: Redefining \mit on input line 3735.
\aucount=\count337
\corrauthcount=\count338
\authfncnt=\count339
\authfnTmpCnt=\count340
\aufootnotemark=\box118
\authmarkbox=\box119
\c@affn=\count341
\addcount=\count342
\emailcount=\count343
\punctcount=\count344
\foot@titlepage@raise@skip=\skip82
\lastauthorcnt=\count345
\fundinginfocount=\count346
\commafundinginfocount=\count347
\fundinginfotempcount=\count348
\tempfundinginfocount=\count349
\JELinfocount=\count350
\commaJELinfocount=\count351
\JELinfotempcount=\count352
\tempJELinfocount=\count353
\htftbox=\box120
\ovsize=\dimen292
\oovsize=\dimen293
\FreePageSpace=\dimen294
\FreePageSpaceTest=\dimen295
\fadjskip=\skip83
\adjustskip=\skip84
\titleskip=\skip85
\abs@boxa=\box121
\abs@boxb=\box122
\abs@boxc=\box123
\abs@dima=\dimen296
\abs@dimb=\dimen297
\abs@dimc=\dimen298
\adjtitleskip=\skip86
\c@chapter=\count354
\secruleskip=\skip87
\rhverticalsep=\skip88
 (NJDnatbib.sty
Package: NJDnatbib 2010/09/13 8.31b (PWD, AO)
\bibhang=\skip89
\bibsep=\skip90
LaTeX Info: Redefining \cite on input line 700.
\c@NAT@ctr=\count355
)
\c@scheme=\count356

(D:\tex_stuff\tex/latex/booktabs\booktabs.sty
Package: booktabs 2020/01/12 v1.61803398 Publication quality tables
\heavyrulewidth=\dimen299
\lightrulewidth=\dimen300
\cmidrulewidth=\dimen301
\belowrulesep=\dimen302
\belowbottomsep=\dimen303
\aboverulesep=\dimen304
\abovetopsep=\dimen305
\cmidrulesep=\dimen306
\cmidrulekern=\dimen307
\defaultaddspace=\dimen308
\@cmidla=\count357
\@cmidlb=\count358
\@aboverulesep=\dimen309
\@belowrulesep=\dimen310
\@thisruleclass=\count359
\@lastruleclass=\count360
\@thisrulewidth=\dimen311
)
(D:\tex_stuff\tex/latex/amsmath\amsmath.sty
Package: amsmath 2025/06/16 v2.17y AMS math features
\@mathmargin=\skip91

For additional information on amsmath, use the `?' option.
(D:\tex_stuff\tex/latex/amsmath\amstext.sty
Package: amstext 2024/11/17 v2.01 AMS text

(D:\tex_stuff\tex/latex/amsmath\amsgen.sty
File: amsgen.sty 1999/11/30 v2.0 generic functions
\@emptytoks=\toks44
\ex@=\dimen312
))
(D:\tex_stuff\tex/latex/amsmath\amsbsy.sty
Package: amsbsy 1999/11/29 v1.2d Bold Symbols
\pmbraise@=\dimen313
)
(D:\tex_stuff\tex/latex/amsmath\amsopn.sty
Package: amsopn 2022/04/08 v2.04 operator names
)
\inf@bad=\count361
LaTeX Info: Redefining \frac on input line 233.
\uproot@=\count362
\leftroot@=\count363
LaTeX Info: Redefining \overline on input line 398.
LaTeX Info: Redefining \colon on input line 409.
\classnum@=\count364
\DOTSCASE@=\count365
LaTeX Info: Redefining \ldots on input line 495.
LaTeX Info: Redefining \dots on input line 498.
LaTeX Info: Redefining \cdots on input line 619.
\Mathstrutbox@=\box124
\strutbox@=\box125
LaTeX Info: Redefining \big on input line 721.
LaTeX Info: Redefining \Big on input line 722.
LaTeX Info: Redefining \bigg on input line 723.
LaTeX Info: Redefining \Bigg on input line 724.
\big@size=\dimen314
LaTeX Font Info:    Redeclaring font encoding OML on input line 742.
LaTeX Font Info:    Redeclaring font encoding OMS on input line 743.
\macc@depth=\count366
LaTeX Info: Redefining \bmod on input line 904.
LaTeX Info: Redefining \pmod on input line 909.
LaTeX Info: Redefining \smash on input line 939.
LaTeX Info: Redefining \relbar on input line 969.
LaTeX Info: Redefining \Relbar on input line 970.
\c@MaxMatrixCols=\count367
\dotsspace@=\muskip21
\c@parentequation=\count368
\dspbrk@lvl=\count369
\tag@help=\toks45
\row@=\count370
\column@=\count371
\maxfields@=\count372
\andhelp@=\toks46
\eqnshift@=\dimen315
\alignsep@=\dimen316
\tagshift@=\dimen317
\tagwidth@=\dimen318
\totwidth@=\dimen319
\lineht@=\dimen320
\@envbody=\toks47
\multlinegap=\skip92
\multlinetaggap=\skip93
\mathdisplay@stack=\toks48
LaTeX Info: Redefining \[ on input line 2949.
LaTeX Info: Redefining \] on input line 2950.
)
(D:\tex_stuff\tex/latex/amscls\amsthm.sty
Package: amsthm 2020/05/29 v2.20.6
\thm@style=\toks49
\thm@bodyfont=\toks50
\thm@headfont=\toks51
\thm@notefont=\toks52
\thm@headpunct=\toks53
\thm@preskip=\skip94
\thm@postskip=\skip95
\thm@headsep=\skip96
\dth@everypar=\toks54
)
(D:\tex_stuff\tex/latex/boites\boites.sty
File: boites.sty 
Package: boites 2013/11/21 v1.1 Colored, framed and breakable across pages boxe
s
\bk@bxb=\box126
\bk@bxa=\box127
\bk@lcnt=\count373
) (amssymb.sty
Package: amssymb 2013/01/14 v3.01 AMS font symbols

(D:\tex_stuff\tex/latex/amsfonts\amsfonts.sty
Package: amsfonts 2013/01/14 v3.01 Basic AMSFonts support
\symAMSa=\mathgroup6
\symAMSb=\mathgroup7
LaTeX Font Info:    Redeclaring math symbol \hbar on input line 98.
LaTeX Font Info:    Overwriting math alphabet `\mathfrak' in version `bold'
(Font)                  U/euf/m/n --> U/euf/b/n on input line 106.
))
\c@theorem=\count374
\c@construction=\count375
\c@estimate=\count376
\c@lemma=\count377
\c@corollary=\count378
\c@result=\count379
\c@algth=\count380
\c@proposition=\count381
\c@hypothesis=\count382
\c@experiment=\count383
\c@LWrule=\count384
\c@procedure=\count385
\c@assertion=\count386
\c@axiom=\count387
\c@conjecture=\count388
\c@criterion=\count389
\c@reduction=\count390
\c@sublemma=\count391
\c@case=\count392
\c@remark=\count393
\c@notation=\count394
\c@answer=\count395
\c@base=\count396
\c@claim=\count397
\c@ccomment=\count398
\c@subproof=\count399
\c@conclusion=\count400
\c@observation=\count401
\c@subcase=\count402
\c@step=\count403
\c@summary=\count404
\c@definition=\count405
\c@condition=\count406
\c@property=\count407
\c@problem=\count408
\c@fact=\count409
\c@assumption=\count410
\c@eexample=\count411
\c@model=\count412
\c@affirmation=\count413
\c@application=\count414
\c@convention=\count415
\c@discussion=\count416
\c@exercise=\count417
\c@question=\count418
\c@scholium=\count419
\c@terminology=\count420
\c@printcitcnt=\count421
\c@@pps=\count422
\c@@ppsavesec=\count423
\c@@ppsaveapp=\count424
\labelwidthi=\dimen321
\labelwidthii=\dimen322
\labelwidthiii=\dimen323
\labelwidthiv=\dimen324
\@maxlistdepth=\count425
 (algorithm.sty
Package: algorithm 2009/08/24 v0.1 Document Style `algorithm' - floating enviro
nment
\@float@every@algorithm=\toks55
\c@algorithm=\count426
)
(algorithmicx.sty
Package: algorithmicx 2005/04/27 v1.2 Algorithmicx

Document Style algorithmicx 1.2 - a greatly improved `algorithmic' style
\c@ALG@line=\count427
\c@ALG@rem=\count428
\c@ALG@nested=\count429
\ALG@tlm=\skip97
\ALG@thistlm=\skip98
\c@ALG@Lnr=\count430
\c@ALG@blocknr=\count431
\c@ALG@storecount=\count432
\c@ALG@tmpcounter=\count433
\ALG@tmplength=\skip99
) (D:\tex_stuff\tex/latex/algorithmicx\algpseudocode.sty
Package: algpseudocode 

Document Style - pseudocode environments for use with the `algorithmicx' style
) (D:\tex_stuff\tex/latex/listings\listings.sty
\lst@mode=\count434
\lst@gtempboxa=\box128
\lst@token=\toks56
\lst@length=\count435
\lst@currlwidth=\dimen325
\lst@column=\count436
\lst@pos=\count437
\lst@lostspace=\dimen326
\lst@width=\dimen327
\lst@newlines=\count438
\lst@lineno=\count439
\lst@maxwidth=\dimen328

(D:\tex_stuff\tex/latex/listings\lstpatch.sty
File: lstpatch.sty 2024/09/23 1.10c (Carsten Heinz)
)
(D:\tex_stuff\tex/latex/listings\lstmisc.sty
File: lstmisc.sty 2024/09/23 1.10c (Carsten Heinz)
\c@lstnumber=\count440
\lst@skipnumbers=\count441
\lst@framebox=\box129
)
(D:\tex_stuff\tex/latex/listings\listings.cfg
File: listings.cfg 2024/09/23 1.10c listings configuration
))
Package: listings 2024/09/23 1.10c (Carsten Heinz)

(D:\tex_stuff\tex/latex/base\alltt.sty
Package: alltt 2024/07/07 v2.0g defines alltt environment
)
\jnlcitationbox=\box130
\jnlcithsize=\dimen329

(D:\tex_stuff\tex/latex/wrapfig\wrapfig.sty
\wrapoverhang=\dimen330
\WF@size=\dimen331
\c@WF@wrappedlines=\count442
\WF@box=\box131
\WF@everypar=\toks57
Package: wrapfig 2003/01/31  v 3.6
)
\wraplines=\count443
\@authorfigbox=\box132
\@authorfigboxdim=\skip100
\biofigadjskip=\skip101
)
LaTeX Font Info:    Trying to load font information for T1+ptm on input line 15
.

(D:\tex_stuff\tex/latex/psnfss\t1ptm.fd
File: t1ptm.fd 2001/06/04 font definitions for T1/ptm.
)
(D:\tex_stuff\tex/latex/l3backend\l3backend-pdftex.def
File: l3backend-pdftex.def 2025-06-09 L3 backend support: PDF output (pdfTeX)
\l__color_backend_stack_int=\count444
)

LaTeX Warning: Unused global option(s):
    [AMA,Times1COL].

(main.aux)
\openout1 = `main.aux'.

LaTeX Font Info:    Checking defaults for OML/cmm/m/it on input line 15.
LaTeX Font Info:    ... okay on input line 15.
LaTeX Font Info:    Checking defaults for OMS/cmsy/m/n on input line 15.
LaTeX Font Info:    ... okay on input line 15.
LaTeX Font Info:    Checking defaults for OT1/cmr/m/n on input line 15.
LaTeX Font Info:    ... okay on input line 15.
LaTeX Font Info:    Checking defaults for T1/cmr/m/n on input line 15.
LaTeX Font Info:    ... okay on input line 15.
LaTeX Font Info:    Checking defaults for TS1/cmr/m/n on input line 15.
LaTeX Font Info:    ... okay on input line 15.
LaTeX Font Info:    Checking defaults for OMX/cmex/m/n on input line 15.
LaTeX Font Info:    ... okay on input line 15.
LaTeX Font Info:    Checking defaults for U/cmr/m/n on input line 15.
LaTeX Font Info:    ... okay on input line 15.
LaTeX Font Info:    Checking defaults for PD1/pdf/m/n on input line 15.
LaTeX Font Info:    ... okay on input line 15.
LaTeX Font Info:    Checking defaults for PU/pdf/m/n on input line 15.
LaTeX Font Info:    ... okay on input line 15.
 (D:\tex_stuff\tex/context/base/mkii\supp-pdf.mkii
[Loading MPS to PDF converter (version 2006.09.02).]
\scratchcounter=\count445
\scratchdimen=\dimen332
\scratchbox=\box133
\nofMPsegments=\count446
\nofMParguments=\count447
\everyMPshowfont=\toks58
\MPscratchCnt=\count448
\MPscratchDim=\dimen333
\MPnumerator=\count449
\makeMPintoPDFobject=\count450
\everyMPtoPDFconversion=\toks59
) (D:\tex_stuff\tex/latex/epstopdf-pkg\epstopdf-base.sty
Package: epstopdf-base 2020-01-24 v2.11 Base part for package epstopdf
Package epstopdf-base Info: Redefining graphics rule for `.eps' on input line 4
85.

(D:\tex_stuff\tex/latex/00miktex\epstopdf-sys.cfg
File: epstopdf-sys.cfg 2021/03/18 v2.0 Configuration of epstopdf for MiKTeX
))
Package caption Info: Begin \AtBeginDocument code.
Package caption Info: hyperref package is loaded.
Package caption Info: listings package is loaded.
Package caption Info: wrapfig package is loaded.
Package caption Info: End \AtBeginDocument code.
Package hyperref Info: Link coloring OFF on input line 15.
Package microtype Info: Patching varwidth to enable character protrusion.
\MT@vwid@leftmargin=\dimen334
\MT@vwid@rightmargin=\dimen335
LaTeX Info: Redefining \microtypecontext on input line 15.
Package microtype Info: Applying patch `item' on input line 15.
Package microtype Info: Applying patch `toc' on input line 15.
Package microtype Info: Applying patch `eqnum' on input line 15.
Package microtype Info: Applying patch `footnote' on input line 15.
Package microtype Info: Applying patch `verbatim' on input line 15.
LaTeX Info: Redefining \microtypesetup on input line 15.
Package microtype Info: Generating PDF output.
Package microtype Info: Character protrusion enabled (level 2).
Package microtype Info: Using default protrusion set `alltext'.
Package microtype Info: Automatic font expansion enabled (level 2),
(microtype)             stretch: 20, shrink: 20, step: 1, non-selected.
Package microtype Info: Using default expansion set `alltext-nott'.


LaTeX Warning: Command \showhyphens   has changed.
               Check if current package is valid.

LaTeX Info: Redefining \showhyphens on input line 15.
Package microtype Info: No adjustment of tracking.
Package microtype Info: No adjustment of interword spacing.
Package microtype Info: No adjustment of character kerning.
(D:\tex_stuff\tex/latex/microtype\mt-ptm.cfg
File: mt-ptm.cfg 2006/04/20 v1.7 microtype config. file: Times (RS)
)
*geometry* driver: auto-detecting
*geometry* detected driver: pdftex
*geometry* verbose mode - [ preamble ] result:
* driver: pdftex
* paper: custom
* layout: <same size as paper>
* layoutoffset:(h,v)=(0.0pt,0.0pt)
* hratio: 1:1
* vratio: 1:1
* modes: twoside 
* h-part:(L,W,R)=(46.0pt, 504.50787pt, 47.0pt)
* v-part:(T,H,B)=(57.5pt, 668.79605pt, 59.0pt)
* \paperwidth=597.50787pt
* \paperheight=785.29605pt
* \textwidth=504.50787pt
* \textheight=668.79605pt
* \oddsidemargin=-26.26999pt
* \evensidemargin=-25.26999pt
* \topmargin=-46.76999pt
* \headheight=21.0pt
* \headsep=11.0pt
* \topskip=6.0pt
* \footskip=48.5pt
* \marginparwidth=0.0pt
* \marginparsep=0.0pt
* \columnsep=0.0pt
* \skip\footins=18.0pt plus 2.0pt minus 2.0pt
* \hoffset=0.0pt
* \voffset=0.0pt
* \mag=1000
* \@twocolumnfalse
* \@twosidetrue
* \@mparswitchtrue
* \@reversemarginfalse
* (1in=72.27pt=25.4mm, 1cm=28.453pt)

\c@lstlisting=\count451
LaTeX Font Info:    Trying to load font information for T1+phv on input line 59
.
(D:\tex_stuff\tex/latex/psnfss\t1phv.fd
File: t1phv.fd 2020/03/25 scalable font definitions for T1/phv.
)
Package microtype Info: Loading generic protrusion settings for font family
(microtype)             `phv' (encoding: T1).
(microtype)             For optimal results, create family-specific settings.
(microtype)             See the microtype manual for details.

(D:\tex_stuff\tex/latex/microtype\mt-cmr.cfg
File: mt-cmr.cfg 2013/05/19 v2.2 microtype config. file: Computer Modern Roman 
(RS)
)
LaTeX Font Info:    Trying to load font information for U+msa on input line 59.


(D:\tex_stuff\tex/latex/amsfonts\umsa.fd
File: umsa.fd 2013/01/14 v3.01 AMS symbols A
)
(D:\tex_stuff\tex/latex/microtype\mt-msa.cfg
File: mt-msa.cfg 2006/02/04 v1.1 microtype config. file: AMS symbols (a) (RS)
)
LaTeX Font Info:    Trying to load font information for U+msb on input line 59.


(D:\tex_stuff\tex/latex/amsfonts\umsb.fd
File: umsb.fd 2013/01/14 v3.01 AMS symbols B
)
(D:\tex_stuff\tex/latex/microtype\mt-msb.cfg
File: mt-msb.cfg 2005/06/01 v1.0 microtype config. file: AMS symbols (b) (RS)
)
Overfull \hbox (350.99213pt too wide) in paragraph at lines 59--59
[][] | || []|[][] 
 []


Package natbib Warning: Citation `buescher_temporomandibular_2007' on page 1 un
defined on input line 69.


Overfull \vbox (1.42648pt too high) has occurred while \output is active []




Overfull \vbox (29.44482pt too high) has occurred while \output is active []

LaTeX Font Info:    Trying to load font information for TS1+ptm on input line 7
8.

(D:\tex_stuff\tex/latex/psnfss\ts1ptm.fd
File: ts1ptm.fd 2001/06/04 font definitions for TS1/ptm.
) [1{C:/Users/jacks/AppData/Local/MiKTeX/fonts/map/pdftex/pdftex.map}{D:/tex_st
uff/fonts/enc/dvips/base/8r.enc}

\openout3 = `main.pag'.

]
<OC_CI_raw.jpeg, id=12, 676.02562pt x 411.78844pt>
File: OC_CI_raw.jpeg Graphic file (type jpg)
<use OC_CI_raw.jpeg>
Package pdftex.def Info: OC_CI_raw.jpeg  used on input line 88.
(pdftex.def)             Requested size: 353.15396pt x 215.12398pt.

Underfull \hbox (badness 10000) detected at line 89
[]
 []


LaTeX Warning: Reference `description' on page 2 undefined on input line 94.



[2 <./OC_CI_raw.jpeg>]

[3]

Package hyperref Warning: Token not allowed in a PDF string (Unicode):
(hyperref)                removing `math shift' on input line 170.



[4]

[5]
<simulated_dat.jpeg, id=74, 609.02531pt x 411.03563pt>
File: simulated_dat.jpeg Graphic file (type jpg)
<use simulated_dat.jpeg>
Package pdftex.def Info: simulated_dat.jpeg  used on input line 228.
(pdftex.def)             Requested size: 353.15396pt x 238.35065pt.

Underfull \hbox (badness 10000) detected at line 229
[]
 []


LaTeX Warning: `h' float specifier changed to `ht'.



[6]
<oc_ci_plot.jpeg, id=85, 2409.0pt x 1806.75pt>
File: oc_ci_plot.jpeg Graphic file (type jpg)
<use oc_ci_plot.jpeg>
Package pdftex.def Info: oc_ci_plot.jpeg  used on input line 247.
(pdftex.def)             Requested size: 353.15396pt x 264.85298pt.


LaTeX Warning: `h' float specifier changed to `ht'.

<ant_lapex_plot.jpeg, id=86, 2409.0pt x 1806.75pt>
File: ant_lapex_plot.jpeg Graphic file (type jpg)
<use ant_lapex_plot.jpeg>
Package pdftex.def Info: ant_lapex_plot.jpeg  used on input line 254.
(pdftex.def)             Requested size: 353.15396pt x 264.85298pt.

Underfull \hbox (badness 10000) detected at line 255
[]
 []


LaTeX Warning: `h' float specifier changed to `ht'.



[7 <./simulated_dat.jpeg>] (main.bbl

[8 <./oc_ci_plot.jpeg>])
Overfull \hbox (9.0pt too wide) in paragraph at lines 297--297
[] [] 
 []


Underfull \hbox (badness 10000) detected at line 347
[]
 []


LaTeX Warning: `h' float specifier changed to `ht'.


Underfull \hbox (badness 10000) detected at line 379
[]
 []


LaTeX Warning: `h' float specifier changed to `ht'.


Underfull \hbox (badness 10000) detected at line 481
[]
 []


LaTeX Warning: Float too large for page by 272.87404pt on input line 483.

<oc_rapex_plot.jpeg, id=106, 2409.0pt x 1806.75pt>
File: oc_rapex_plot.jpeg Graphic file (type jpg)
<use oc_rapex_plot.jpeg>
Package pdftex.def Info: oc_rapex_plot.jpeg  used on input line 491.
(pdftex.def)             Requested size: 353.15396pt x 264.85298pt.

Underfull \hbox (badness 10000) detected at line 492
[]
 []



[9 <./ant_lapex_plot.jpeg>]

LaTeX Warning: `h' float specifier changed to `ht'.

<oc_lapex_plot.jpeg, id=113, 2409.0pt x 1806.75pt>
File: oc_lapex_plot.jpeg Graphic file (type jpg)
<use oc_lapex_plot.jpeg>
Package pdftex.def Info: oc_lapex_plot.jpeg  used on input line 498.
(pdftex.def)             Requested size: 353.15396pt x 264.85298pt.

Underfull \hbox (badness 10000) detected at line 499
[]
 []


LaTeX Warning: `h' float specifier changed to `ht'.

<ant_ci_plot.jpeg, id=114, 2409.0pt x 1806.75pt>
File: ant_ci_plot.jpeg Graphic file (type jpg)
<use ant_ci_plot.jpeg>
Package pdftex.def Info: ant_ci_plot.jpeg  used on input line 505.
(pdftex.def)             Requested size: 353.15396pt x 264.85298pt.

Underfull \hbox (badness 10000) detected at line 506
[]
 []


LaTeX Warning: `h' float specifier changed to `ht'.

<ant_rapex_plot.jpeg, id=115, 2409.0pt x 1806.75pt>
File: ant_rapex_plot.jpeg Graphic file (type jpg)
<use ant_rapex_plot.jpeg>
Package pdftex.def Info: ant_rapex_plot.jpeg  used on input line 512.
(pdftex.def)             Requested size: 353.15396pt x 264.85298pt.

Underfull \hbox (badness 10000) detected at line 513
[]
 []


LaTeX Warning: `h' float specifier changed to `ht'.

<latR_ci_plot.jpeg, id=116, 2409.0pt x 1806.75pt>
File: latR_ci_plot.jpeg Graphic file (type jpg)
<use latR_ci_plot.jpeg>
Package pdftex.def Info: latR_ci_plot.jpeg  used on input line 519.
(pdftex.def)             Requested size: 353.15396pt x 264.85298pt.

Underfull \hbox (badness 10000) detected at line 520
[]
 []


LaTeX Warning: `h' float specifier changed to `ht'.

<latR_rapex_plot.jpeg, id=117, 2409.0pt x 1806.75pt>
File: latR_rapex_plot.jpeg Graphic file (type jpg)
<use latR_rapex_plot.jpeg>
Package pdftex.def Info: latR_rapex_plot.jpeg  used on input line 526.
(pdftex.def)             Requested size: 353.15396pt x 264.85298pt.

Underfull \hbox (badness 10000) detected at line 527
[]
 []


LaTeX Warning: `h' float specifier changed to `ht'.

<latR_lapex_plot.jpeg, id=118, 2409.0pt x 1806.75pt>
File: latR_lapex_plot.jpeg Graphic file (type jpg)
<use latR_lapex_plot.jpeg>
Package pdftex.def Info: latR_lapex_plot.jpeg  used on input line 533.
(pdftex.def)             Requested size: 353.15396pt x 264.85298pt.

Underfull \hbox (badness 10000) detected at line 534
[]
 []


LaTeX Warning: `h' float specifier changed to `ht'.

<latL_ci_plot.jpeg, id=119, 2409.0pt x 1806.75pt>
File: latL_ci_plot.jpeg Graphic file (type jpg)
<use latL_ci_plot.jpeg>
Package pdftex.def Info: latL_ci_plot.jpeg  used on input line 540.
(pdftex.def)             Requested size: 353.15396pt x 264.85298pt.

Underfull \hbox (badness 10000) detected at line 541
[]
 []


LaTeX Warning: `h' float specifier changed to `ht'.

<latL_rapex_plot.jpeg, id=120, 2409.0pt x 1806.75pt>
File: latL_rapex_plot.jpeg Graphic file (type jpg)
<use latL_rapex_plot.jpeg>
Package pdftex.def Info: latL_rapex_plot.jpeg  used on input line 547.
(pdftex.def)             Requested size: 353.15396pt x 264.85298pt.

Underfull \hbox (badness 10000) detected at line 548
[]
 []


LaTeX Warning: `h' float specifier changed to `ht'.

<latL_lapex_plot.jpeg, id=121, 2409.0pt x 1806.75pt>
File: latL_lapex_plot.jpeg Graphic file (type jpg)
<use latL_lapex_plot.jpeg>
Package pdftex.def Info: latL_lapex_plot.jpeg  used on input line 554.
(pdftex.def)             Requested size: 353.15396pt x 264.85298pt.

Underfull \hbox (badness 10000) detected at line 555
[]
 []


LaTeX Warning: `h' float specifier changed to `ht'.


Package natbib Warning: There were undefined citations.



[10]

[11 <./oc_rapex_plot.jpeg> <./oc_lapex_plot.jpeg>]

[12]

[13]

[14 <./ant_ci_plot.jpeg> <./ant_rapex_plot.jpeg>]

[15 <./latR_ci_plot.jpeg> <./latR_rapex_plot.jpeg>]

[16 <./latR_lapex_plot.jpeg> <./latL_ci_plot.jpeg>]

[17 <./latL_rapex_plot.jpeg> <./latL_lapex_plot.jpeg>] (main.aux)
 ***********
LaTeX2e <2025-06-01> patch level 1
L3 programming layer <2025-06-09>
 ***********


LaTeX Warning: There were undefined references.

 )
(\end occurred when \iftrue on line 4824 was incomplete)
(\end occurred when \iftrue on line 4812 was incomplete)
(\end occurred when \iftrue on line 4800 was incomplete)
(\end occurred when \iftrue on line 4788 was incomplete)
(\end occurred when \iftrue on line 4776 was incomplete)
(\end occurred when \iftrue on line 4764 was incomplete)
(\end occurred when \iftrue on line 4752 was incomplete)
(\end occurred when \iftrue on line 4740 was incomplete)
(\end occurred when \ifx on line 2 was incomplete) 
Here is how much of TeX's memory you used:
 22824 strings out of 468221
 352756 string characters out of 5448284
 850902 words of memory out of 5000000
 50479 multiletter control sequences out of 15000+600000
 732494 words of font info for 373 fonts, out of 8000000 for 9000
 1167 hyphenation exceptions out of 8191
 90i,19n,93p,1400b,573s stack positions out of 10000i,1000n,20000p,200000b,200000s
<D:/tex_stuff/fonts/type1/pub
lic/amsfonts/cm/cmex10.pfb><D:/tex_stuff/fonts/type1/public/amsfonts/cm/cmmi10.
pfb><D:/tex_stuff/fonts/type1/public/amsfonts/cm/cmmib10.pfb><D:/tex_stuff/font
s/type1/public/amsfonts/cm/cmr10.pfb><D:/tex_stuff/fonts/type1/public/amsfonts/
cm/cmsy10.pfb><D:/tex_stuff/fonts/type1/public/amsfonts/cm/cmsy7.pfb><D:/tex_st
uff/fonts/type1/urw/times/utmb8a.pfb><D:/tex_stuff/fonts/type1/urw/times/utmbi8
a.pfb><D:/tex_stuff/fonts/type1/urw/times/utmr8a.pfb><D:/tex_stuff/fonts/type1/
urw/times/utmri8a.pfb>
Output written on main.pdf (17 pages, 11263867 bytes).
PDF statistics:
 307 PDF objects out of 1000 (max. 8388607)
 70 named destinations out of 1000 (max. 500000)
 109335 words of extra memory for PDF output out of 128383 (max. 10000000)

